<?xml version="1.0" encoding="UTF-8"?>
<testsuite name="com.josem.threedmaps.core.RegionCodecTest" tests="2" skipped="0" failures="0" errors="0" timestamp="2026-09-16T04:09:44.168Z" hostname="DESKTOP-96O0AE7" time="0.009">
  <properties/>
  <testcase name="roundTripRegion()" classname="com.josem.threedmaps.core.RegionCodecTest" time="0.006"/>
  <testcase name="corruptDataRejected()" classname="com.josem.threedmaps.core.RegionCodecTest" time="0.002"/>
  <system-out><![CDATA[]]></system-out>
  <system-err><![CDATA[]]></system-err>
</testsuite>
