<?xml version="1.0" encoding="UTF-8"?>
<testsuite name="com.josem.threedmaps.core.MaterialPaletteTest" tests="3" skipped="0" failures="0" errors="0" timestamp="2026-09-16T04:09:44.166Z" hostname="DESKTOP-96O0AE7" time="0.002">
  <properties/>
  <testcase name="dedupSameMaterial()" classname="com.josem.threedmaps.core.MaterialPaletteTest" time="0.001"/>
  <testcase name="distinctMaterials()" classname="com.josem.threedmaps.core.MaterialPaletteTest" time="0.0"/>
  <testcase name="airIsZero()" classname="com.josem.threedmaps.core.MaterialPaletteTest" time="0.0"/>
  <system-out><![CDATA[]]></system-out>
  <system-err><![CDATA[]]></system-err>
</testsuite>
