<?xml version="1.0" encoding="UTF-8"?>
<testsuite name="com.josem.threedmaps.core.VoxelSectionExtraTest" tests="2" skipped="0" failures="0" errors="0" timestamp="2026-09-16T04:09:44.265Z" hostname="DESKTOP-96O0AE7" time="0.002">
  <properties/>
  <testcase name="belowSurfaceBitToggle()" classname="com.josem.threedmaps.core.VoxelSectionExtraTest" time="0.0"/>
  <testcase name="interiorColumnStore()" classname="com.josem.threedmaps.core.VoxelSectionExtraTest" time="0.001"/>
  <system-out><![CDATA[]]></system-out>
  <system-err><![CDATA[]]></system-err>
</testsuite>
