<?xml version="1.0" encoding="UTF-8"?>
<testsuite name="com.josem.threedmaps.core.DiscoveryStateTest" tests="2" skipped="0" failures="0" errors="0" timestamp="2026-09-16T04:09:44.120Z" hostname="DESKTOP-96O0AE7" time="0.027">
  <properties/>
  <testcase name="initiallyUndiscovered()" classname="com.josem.threedmaps.core.DiscoveryStateTest" time="0.014"/>
  <testcase name="discoverTwice()" classname="com.josem.threedmaps.core.DiscoveryStateTest" time="0.002"/>
  <system-out><![CDATA[]]></system-out>
  <system-err><![CDATA[]]></system-err>
</testsuite>
