<?xml version="1.0" encoding="UTF-8"?>
<testsuite name="com.josem.threedmaps.core.GreedyMesherTest" tests="2" skipped="0" failures="0" errors="0" timestamp="2026-09-16T04:09:44.149Z" hostname="DESKTOP-96O0AE7" time="0.011">
  <properties/>
  <testcase name="emptySectionYieldsEmptyMesh()" classname="com.josem.threedmaps.core.GreedyMesherTest" time="0.003"/>
  <testcase name="uniformSectionHasFewQuads()" classname="com.josem.threedmaps.core.GreedyMesherTest" time="0.007"/>
  <system-out><![CDATA[]]></system-out>
  <system-err><![CDATA[]]></system-err>
</testsuite>
