<?xml version="1.0" encoding="UTF-8"?>
<testsuite name="com.josem.threedmaps.core.VoxelSectionTest" tests="6" skipped="0" failures="0" errors="0" timestamp="2026-09-16T04:09:44.267Z" hostname="DESKTOP-96O0AE7" time="0.013">
  <properties/>
  <testcase name="uniformMaterial()" classname="com.josem.threedmaps.core.VoxelSectionTest" time="0.001"/>
  <testcase name="threeHundredMaterials()" classname="com.josem.threedmaps.core.VoxelSectionTest" time="0.005"/>
  <testcase name="seventeenMaterials()" classname="com.josem.threedmaps.core.VoxelSectionTest" time="0.002"/>
  <testcase name="bitPackerCrossBoundary()" classname="com.josem.threedmaps.core.VoxelSectionTest" time="0.002"/>
  <testcase name="twoMaterials()" classname="com.josem.threedmaps.core.VoxelSectionTest" time="0.001"/>
  <testcase name="seccion vacia es uniforme aire y tiny" classname="com.josem.threedmaps.core.VoxelSectionTest" time="0.001"/>
  <system-out><![CDATA[]]></system-out>
  <system-err><![CDATA[]]></system-err>
</testsuite>
